[2021-04-19T09:33:51.260318+02:00] User Login.ERROR: User Login Failed ["Email Address","gregory@realhost.co.za Aw, something went wrong :-( please refresh the page to submit again"] []
[2021-04-19T09:33:57.878792+02:00] User Login.ERROR: User Login Failed ["Email Address","gregory@realhost.co.za Aw, something went wrong :-( please refresh the page to submit again"] []
[2021-04-19T09:35:13.584488+02:00] User Login.INFO: User Login Success ["Email Address","gregory@realhost.co.za c2bf9c990fbbbb716ce54230668bb128ecf350fc"] []
[2021-04-19T09:37:10.820842+02:00] User Login.INFO: User Login Success ["Email Address","gregory@realhost.co.za 133ae63d84be256874274d14c3f3e041db01dd39"] []
[2021-04-19T09:59:15.772668+02:00] User Login.ERROR: User Login Failed ["Email Address","gregory@realhost.co.za You are now logged in."] []
[2021-04-19T09:59:21.683779+02:00] User Login.ERROR: User Login Failed ["Email Address","gregory@realhost.co.za You are now logged in."] []
[2021-04-19T10:05:40.207682+02:00] User Login.ERROR: User Login Failed ["Email Address","gregory@realhost.co.za You are now logged in."] []
[2021-04-19T10:05:58.455415+02:00] User Login.ERROR: User Login Failed ["Email Address","gregory@realhost.co.za You are now logged in."] []
[2021-04-19T10:15:58.247169+02:00] User Login.ERROR: User Logout Failed ["User Logout Successful"] []
[2021-04-19T10:17:36.365775+02:00] User Login.ERROR: User Logout Failed ["User Logout Successful"] []
[2021-04-19T10:19:08.766759+02:00] User Login.ERROR: User Logout Failed ["User Logout Successful"] []
[2021-04-19T10:19:18.342668+02:00] User Login.ERROR: User Login Failed ["Email Address","gregory@realhost.co.za You are now logged in."] []
[2021-04-19T10:23:51.611123+02:00] User Login.ERROR: User Logout Failed ["User Logout Successful"] []
[2021-04-19T10:36:54.721211+02:00] User Login.ERROR: User Login Failed ["Email Address","gregory@realhost.co.za You are now logged in."] []
[2021-04-19T10:42:32.769259+02:00] User Login.INFO: User Logout ["User Logout Successful","7f1c037ec82bd3f13828b4f5d920d6b9619bd403"] []
[2021-04-19T10:48:17.652052+02:00] User Login.ERROR: User Login Failed ["Email Address","gregory@realhost.co.za You are now logged in."] []
[2021-04-19T10:48:50.248645+02:00] User Login.INFO: User Logout ["User Logout Successful","bd31892889c20cc4c65435bb84d37f88918353ae"] []
[2021-04-19T10:58:19.673224+02:00] User Login.ERROR: User Login Failed ["Email Address","gregory@realhost.co.za You are now logged in."] []
[2021-04-19T11:02:54.112053+02:00] User Login.ERROR: User Login Failed ["Email Address","gregory@realhost.co.za You are now logged in."] []
[2021-04-19T11:08:51.482955+02:00] User Login.ERROR: User Login Failed ["Email Address","gregory@realhost.co.za You are now logged in."] []
[2021-04-19T11:10:28.941769+02:00] User Login.INFO: User Logout ["User Logout Successful","7b992ec642437f01ec1fdbaeab0bb49e91e72843"] []
[2021-04-19T11:10:34.417470+02:00] User Login.ERROR: User Login Failed ["Email Address","basil@omniaparatus.org No account found with that email address"] []
[2021-04-19T11:10:41.588831+02:00] User Login.ERROR: User Login Failed ["Email Address","gregory@realhost.co.za You are now logged in."] []
[2021-04-19T15:41:11.152572+02:00] User Login.INFO: User Logout ["User Logout Successful","0acc12db47fa3f576b9c412197f222e31ff72073"] []
[2021-04-19T15:46:01.050073+02:00] User Login.ERROR: User Login Failed ["Email Address","gregory@realhost.co.za You are now logged in."] []
[2021-04-19T15:49:01.805357+02:00] User Login.INFO: User Logout ["User Logout Successful","b7a411089c0b0234eb78eb697ebf62dca359b811"] []
[2021-04-19T16:54:06.089577+02:00] User Login.ERROR: User Login Failed ["Email Address","gregory@realhost.co.za You are now logged in."] []
[2021-04-19T16:57:57.239971+02:00] User Login.INFO: User Logout ["User Logout Successful","df6a08e7c028a17de5a662b51ac8eadf796e0200"] []
[2021-04-19T16:58:02.394873+02:00] User Login.ERROR: User Login Failed ["Email Address","gregory@realhost.co.za You are now logged in."] []
[2021-04-19T17:04:04.490692+02:00] User Login.INFO: User Logout ["User Logout Successful","ee7b63e49da370957dc0d2e2d0c18f6d03e2c38a"] []
[2021-04-19T17:04:12.181573+02:00] User Login.ERROR: User Login Failed ["Email Address","gregory@realhost.co.za You are now logged in."] []
[2021-04-19T17:04:47.301512+02:00] User Login.INFO: User Logout ["User Logout Successful","3667a3a18b4841a3781e5977bf6fdf469305e1ad"] []
[2021-04-19T17:09:46.146091+02:00] User Login.ERROR: User Login Failed ["Email Address","gregory@realhost.co.za You are now logged in."] []
[2021-04-19T17:11:11.091449+02:00] User Login.INFO: User Logout ["User Logout Successful","bf4608cb097d24cb2c965e9866f4ab89913fb0a1"] []
[2021-04-19T17:11:17.319851+02:00] User Login.ERROR: User Login Failed ["Email Address","gregory@realhost.co.za You are now logged in."] []
[2021-04-19T17:11:38.611217+02:00] User Login.INFO: User Logout ["User Logout Successful","3ded01ce7ffc68843c424a1e37cfa9aedd19a395"] []
[2021-04-19T17:11:41.556314+02:00] User Login.ERROR: User Login Failed ["Email Address","gregory@realhost.co.za You are now logged in."] []
[2021-04-19T17:13:10.167103+02:00] User Login.INFO: User Logout ["User Logout Successful","80ed59adfbdba3f9cbaa805f8218d6ea2dd8d48f"] []
[2021-04-19T17:18:34.074888+02:00] User Login.ERROR: User Login Failed ["Email Address","gregory@realhost.co.za You are now logged in."] []
[2021-04-19T17:25:37.553850+02:00] User Login.ERROR: User Login Failed ["Email Address","gregory@realhost.co.za You are now logged in."] []
[2021-04-19T17:30:25.749089+02:00] User Login.INFO: User Logout ["User Logout Successful","d457b2da80a75b7c4b7baae2228bcc0159e0552e"] []
[2021-04-19T17:30:30.367988+02:00] User Login.ERROR: User Login Failed ["Email Address","gregory@realhost.co.za You are now logged in."] []
[2021-04-19T17:30:43.479361+02:00] User Login.INFO: User Logout ["User Logout Successful","1729776b0e9bd73a028cc33882fc2b2e986ce5d6"] []
[2021-04-19T17:35:36.311153+02:00] User Login.ERROR: User Login Failed ["Email Address","gregory@realhost.co.za You are now logged in."] []
[2021-04-19T17:37:33.273258+02:00] User Login.INFO: User Logout ["User Logout Successful","779a1544de1ad5235ff0957811261a5a58ebd625"] []
[2021-04-19T17:37:38.969707+02:00] User Login.ERROR: User Login Failed ["Email Address","gregory@realhost.co.za You are now logged in."] []
[2021-04-19T17:38:10.656225+02:00] User Login.ERROR: User Login Failed ["Email Address","gregory@realhost.co.za You are now logged in."] []
[2021-04-19T17:38:15.307307+02:00] User Login.ERROR: User Login Failed ["Email Address","gregory@realhost.co.za You are now logged in."] []
[2021-04-19T17:38:23.532177+02:00] User Login.INFO: User Logout ["User Logout Successful","08a3c23785d3a1cd8f1784236f39ec1fa68662cf"] []
[2021-04-19T17:38:28.087079+02:00] User Login.ERROR: User Login Failed ["Email Address","gregory@realhost.co.za You are now logged in."] []
[2021-04-19T17:38:33.318629+02:00] User Login.ERROR: User Login Failed ["Email Address","gregory@realhost.co.za You are now logged in."] []
[2021-04-19T17:38:39.985874+02:00] User Login.INFO: User Logout ["User Logout Successful","655d7e4523ae445cc30e8e9aa33d6d2767d3b9ef"] []
[2021-04-19T17:43:40.986365+02:00] User Login.INFO: User Logout ["User Logout Successful","980a2c2905de64c68e46e274181743dcacf490d7"] []
[2021-04-19T17:50:50.188012+02:00] User Login.INFO: User Logout ["User Logout Successful","4af98743f320ce38cf140b973f7de702d907fb88"] []
[2021-04-19T17:59:39.023624+02:00] User Login.INFO: User Logout ["User Logout Successful","c056c50b20a30e65c25af86dcf1f83c167faa188"] []
[2021-04-19T18:18:35.183028+02:00] User Login.INFO: User Logout ["User Logout Successful","d0048e3c7b593ba359d9a274f0be8c7cdeae9d60"] []
[2021-04-19T18:20:44.023804+02:00] User Login.INFO: User Logout ["User Logout Successful","3bd779a66deb900a7f9950acbe9cd8006859ad9e"] []
[2021-04-19T18:21:14.935909+02:00] User Login.INFO: User Logout ["User Logout Successful","ed31b67a6c614fc4287a84d2ce8f698e604c6597"] []
[2021-04-19T18:26:52.961651+02:00] User Login.INFO: User Logout ["User Logout Successful","d16f2228533ba3a80a34b980dc04f1a11ea5e836"] []
[2021-04-19T18:26:59.893441+02:00] User Login.INFO: User Login Success ["Email Address","gregory@realhost.co.za dc72ad5c9cabb06ef90843c132ffc5d28043b95f"] []
[2021-04-19T18:27:16.856918+02:00] User Login.INFO: User Logout ["User Logout Successful","dc72ad5c9cabb06ef90843c132ffc5d28043b95f"] []
[2021-04-19T18:27:25.894330+02:00] User Login.INFO: User Login Success ["Email Address","gregory@realhost.co.za 6cfe6b6c0c507445ea9f9a3ef85562f97e859527"] []
[2021-04-19T18:27:49.684420+02:00] User Login.INFO: User Login Success ["Email Address","gregory@realhost.co.za 5953a5e1baae4097d11d8f0d5eb61d5e8c2e1cab"] []
[2021-04-19T18:30:58.805246+02:00] User Login.ERROR: User Login Failed ["Email Address","basil@omniaparatus.org Error logging in"] []
[2021-04-19T18:36:39.355989+02:00] User Login.INFO: User Logout ["User Logout Successful","5953a5e1baae4097d11d8f0d5eb61d5e8c2e1cab"] []
[2021-04-19T18:37:13.211129+02:00] User Login.INFO: User Login Success ["Email Address","gregory@realhost.co.za 489b7adcc42fde8bb54e8a93641562060b7fc029"] []
[2021-04-19T18:37:35.595917+02:00] User Login.INFO: User Login Success ["Email Address","gregory@realhost.co.za 0275ab09c117a59f8acf46cf9115c818ec750467"] []
[2021-04-19T18:39:44.239621+02:00] User Login.INFO: User Logout ["User Logout Successful","0275ab09c117a59f8acf46cf9115c818ec750467"] []
[2021-04-19T18:39:50.096474+02:00] User Login.INFO: User Login Success ["Email Address","gregory@realhost.co.za c183900f9a7551e9afe6d2475072ca8105c32956"] []
[2021-04-19T18:40:00.460040+02:00] User Login.INFO: User Logout ["User Logout Successful","c183900f9a7551e9afe6d2475072ca8105c32956"] []
[2021-04-19T18:41:05.053400+02:00] User Login.INFO: User Login Success ["Email Address","gregory@realhost.co.za c1514f84195397b4eac81620fbd2c177c3b2a36c"] []
[2021-04-19T18:41:12.719064+02:00] User Login.INFO: User Login Success ["Email Address","gregory@realhost.co.za 00fd6d35181a825a010661302c82f7c210d8dcd7"] []
[2021-04-19T18:42:01.529316+02:00] User Login.INFO: User Login Success ["Email Address","gregory@realhost.co.za bfe3f9be48a38b7bd82d84e7194af3336f3ebe85"] []
[2021-04-19T18:42:33.720393+02:00] User Login.ERROR: User Login Failed ["Email Address","basil@omniaparatus.org Error logging in"] []
[2021-04-19T18:43:02.109183+02:00] User Login.INFO: User Login Success ["Email Address","gregory@realhost.co.za 1ec59176ed56ac5e1456fb6f4ac191028ff3b3af"] []
[2021-04-19T18:46:31.820565+02:00] User Login.INFO: User Logout ["User Logout Successful","1ec59176ed56ac5e1456fb6f4ac191028ff3b3af"] []
[2021-04-19T18:46:45.337137+02:00] User Login.ERROR: User Login Failed ["Email Address","basil@omniaparatus.org Error logging in"] []
[2021-04-19T18:52:20.786324+02:00] User Login.ERROR: User Login Failed ["Email Address","basil@omniaparatus.org No account found with that email address"] []
[2021-04-19T18:59:00.788318+02:00] User Login.INFO: User Login Success ["Email Address","gregory@realhost.co.za 0441a6bcd805b61edbbecfd5c04a6e52258a6153"] []
[2021-04-19T19:06:31.381549+02:00] User Login.INFO: User Login Success ["Email Address","gregory@realhost.co.za e2faffcb5e36faa9b2a6f669b2d14cdc223093f1"] []
[2021-04-19T19:08:09.577210+02:00] User Login.INFO: User Login Success ["Email Address","gregory@realhost.co.za 6a6ff0fc6fe051cfc37dea2254468cb6c716cdc3"] []
[2021-04-19T19:49:05.091089+02:00] User Login.INFO: User Login Success ["Email Address","gregory@realhost.co.za 21c10d4b3fc3bc2ea34543d872a536a026949bf4"] []
[2021-04-19T20:10:57.282467+02:00] User Login.INFO: User Login Success ["Email Address","gregory@realhost.co.za 3a338e2606a9b35e6829f4cc1776e4cce8544215"] []
[2021-04-19T20:11:00.665924+02:00] User Login.INFO: User Login Success ["Email Address","gregory@realhost.co.za a92ef244e5e5422184c901c5b808974472cf5636"] []
[2021-04-19T20:11:14.645880+02:00] User Login.INFO: User Login Success ["Email Address","gregory@realhost.co.za b475fe2fb30b655ef92297affa964bdb2eee43c4"] []
[2021-04-19T20:14:54.602687+02:00] User Login.INFO: User Login Success ["Email Address","gregory@realhost.co.za cc0b06d1a80ec02950be4ca7e0604a86b33b745f"] []
[2021-04-19T21:41:16.441282+02:00] User Login.INFO: User Login Success ["Email Address","gregory@realhost.co.za a72ba177fa7b231634bb4280934552648859823e"] []
[2021-04-19T21:57:38.605847+02:00] User Login.INFO: User Login Success ["Email Address","gregory@realhost.co.za 59977b376a0bcd6a15e9f158c8b03f6ee8e2f843"] []
[2021-04-19T21:58:18.913956+02:00] User Login.INFO: User Login Success ["Email Address","gregory@realhost.co.za afb48ab731e513fda64709be784ce029b9d5a860"] []
[2021-04-19T21:59:03.495195+02:00] User Login.INFO: User Login Success ["Email Address","gregory@realhost.co.za ee5fa987b12bf727a966adc5cd2659011f6024b4"] []
[2021-04-19T21:59:21.507787+02:00] User Login.INFO: User Login Success ["Email Address","gregory@realhost.co.za 98d2297e6bea114a785972c9a62b5aaa93883636"] []
[2021-04-19T22:10:59.814857+02:00] User Login.INFO: User Login Success ["Email Address","gregory@realhost.co.za 2184705f95107d64385995f9bdf256d59197be19"] []
[2021-04-19T22:11:09.581180+02:00] User Login.INFO: User Logout ["User Logout Successful","2184705f95107d64385995f9bdf256d59197be19"] []
[2021-04-19T22:11:23.768820+02:00] User Login.INFO: User Login Success ["Email Address","gregory@realhost.co.za 5d0e28ba47c0e6c391ee14368379109c9d227aca"] []
[2021-04-19T22:11:31.121506+02:00] User Login.INFO: User Logout ["User Logout Successful","5d0e28ba47c0e6c391ee14368379109c9d227aca"] []
[2021-04-19T22:11:34.408254+02:00] User Login.ERROR: User Login Failed ["Email Address","basil@omniaparatus.org No account found with that email address"] []
[2021-04-19T22:11:48.982002+02:00] User Login.ERROR: User Login Failed ["Email Address","basil@omniaparatus.org No account found with that email address"] []
[2021-04-19T22:12:00.635862+02:00] User Login.INFO: User Login Success ["Email Address","gregory@realhost.co.za 8ac90f424fca2889025496d64d3f2b40ff017239"] []
[2021-04-19T22:12:16.896561+02:00] User Login.INFO: User Login Success ["Email Address","gregory@realhost.co.za 9571d7584ad453909d3a89aecb91a3ee003c335a"] []
[2021-04-19T22:14:15.540568+02:00] User Login.INFO: User Login Success ["Email Address","gregory@realhost.co.za d23a2386f0941a3ff950f9dbde3c7f4f1af47366"] []
[2021-04-19T22:24:35.312131+02:00] User Login.INFO: User Login Success ["Email Address","gregory@realhost.co.za bddfbef12f2b1009b46e0b78020a1094bd558025"] []
[2021-04-19T22:24:43.024907+02:00] User Login.INFO: User Login Success ["Email Address","gregory@realhost.co.za 4522258d4a9a7dee1cfa463e17b0f674261a88b5"] []
[2021-04-19T22:24:55.724987+02:00] User Login.INFO: User Login Success ["Email Address","gregory@realhost.co.za 1781ad1c837412adc6c1d5f23bee108e0d0ccad0"] []
[2021-04-19T22:25:15.152690+02:00] User Login.INFO: User Login Success ["Email Address","gregory@realhost.co.za fa2bfebbdec62dedc29d10ce2f315543e9fc693e"] []
[2021-04-19T22:26:26.853838+02:00] User Login.ERROR: User Login Failed ["Email Address","gregory@realhost.co.za Password is too short."] []
[2021-04-19T22:29:22.891702+02:00] User Login.INFO: User Login Success ["Email Address","gregory@realhost.co.za 19f77cb0bba9e5f22a476130e3c0a3d32d04319e"] []
[2021-04-19T22:29:33.208954+02:00] User Login.INFO: User Logout ["User Logout Successful","19f77cb0bba9e5f22a476130e3c0a3d32d04319e"] []
[2021-04-19T22:31:49.754878+02:00] User Login.INFO: User Login Success ["Email Address","gregory@realhost.co.za 48545d1607eaccb75456587da5cbefa0621914c4"] []
[2021-04-19T22:33:55.120219+02:00] User Login.INFO: User Logout ["User Logout Successful","48545d1607eaccb75456587da5cbefa0621914c4"] []
[2021-04-19T22:34:03.348951+02:00] User Login.INFO: User Login Success ["Email Address","gregory@realhost.co.za ae1caae1a5fa182b6b27ec01318dae3a4a83b9a1"] []
[2021-04-19T22:36:17.755730+02:00] User Login.INFO: User Logout ["User Logout Successful","ae1caae1a5fa182b6b27ec01318dae3a4a83b9a1"] []
[2021-04-19T22:36:20.385267+02:00] User Login.ERROR: User Login Failed ["Email Address","basil@omniaparatus.org No account found with that email address"] []
[2021-04-19T22:36:30.937211+02:00] User Login.ERROR: User Login Failed ["Email Address","basil@omniaparatus.org No account found with that email address"] []
[2021-04-19T22:37:01.046750+02:00] User Login.INFO: User Login Success ["Email Address","gregory@realhost.co.za 8326c3e70cc81b9899dff2c64bba16eff244d76b"] []
[2021-04-19T22:37:20.854507+02:00] User Login.INFO: User Logout ["User Logout Successful","8326c3e70cc81b9899dff2c64bba16eff244d76b"] []
[2021-04-19T22:37:28.321127+02:00] User Login.INFO: User Login Success ["Email Address","gregory@realhost.co.za 03e71311fbea3de8e62c8107f4ac82a751051629"] []
[2021-04-19T23:25:43.299827+02:00] User Login.INFO: User Login Success ["Email Address","gregory@realhost.co.za b0a09c0e3fbea030e01129ac8179b11c45561fca"] []
[2021-04-19T23:44:56.334142+02:00] User Login.INFO: User Login Success ["Email Address","gregory@realhost.co.za a19399d23d8f6f05fb0df581007fb9ce1b738252"] []
[2021-04-20T22:30:39.591570+02:00] User Login.INFO: User Login Success ["Email Address","gregory@realhost.co.za e22d4f8cf8d1f40a6ee66006c8142e7808f7441a"] []
[2021-04-20T22:32:11.518001+02:00] User Login.INFO: User Login Success ["Email Address","gregory@realhost.co.za 394392066b2d531138785ed7fcf435aba6abe6cd"] []
[2021-04-21T06:48:05.970573+02:00] User Login.INFO: User Login Success ["Email Address","gregory@realhost.co.za 839c760aaa5f18c5c9eb2fc92607053d5433cb46"] []
[2021-04-21T14:45:48.590540+02:00] User Login.INFO: User Login Success ["Email Address","gregory@realhost.co.za 55816cd69390b7b5a4281efc627fef084fc4702d"] []
[2021-04-21T22:49:43.758577+02:00] User Login.INFO: User Login Success ["Email Address","gregory@realhost.co.za 5d1f9790e6af521269b6f314b085db8c8144c42d"] []
[2021-04-22T09:59:05.303374+02:00] User Login.INFO: User Login Success ["Email Address","gregory@realhost.co.za d668e3bb560b463d8ec75b7924c8e69089e5164b"] []
[2021-04-23T07:48:05.914335+02:00] User Login.INFO: User Login Success ["Email Address","gregory@realhost.co.za 2d670a4c8ab33dc8648e109cb021d45f58604c33"] []
[2021-04-23T15:35:37.702000+02:00] User Login.INFO: User Logout ["User Logout Successful","2d670a4c8ab33dc8648e109cb021d45f58604c33"] []
[2021-04-23T15:35:50.706080+02:00] User Login.INFO: User Login Success ["Email Address","gregory@realhost.co.za 1a07b14e5ec44c649e294aadf3ab3024fc7fbd49"] []
[2021-04-23T15:35:54.100173+02:00] User Login.INFO: User Logout ["User Logout Successful","1a07b14e5ec44c649e294aadf3ab3024fc7fbd49"] []
[2021-04-23T16:32:31.672441+02:00] User Login.INFO: User Login Success ["Email Address","gregory@realhost.co.za 04ef3b4a4e1bff35da11104448a43ed98ef67ab3"] []
[2021-04-23T16:32:37.159578+02:00] User Login.INFO: User Logout ["User Logout Successful","04ef3b4a4e1bff35da11104448a43ed98ef67ab3"] []
[2021-04-23T16:55:22.898095+02:00] User Login.ERROR: User Login Failed ["Email Address","gregory@secondsite.xyz Email address / password are incorrect."] []
[2021-04-23T16:55:35.845857+02:00] User Login.INFO: User Login Success ["Email Address","gregory@secondsite.xyz 60341f88b56943bceba12fc3cce44fab033eb2a1"] []
[2021-04-23T16:55:40.942112+02:00] User Login.INFO: User Logout ["User Logout Successful","60341f88b56943bceba12fc3cce44fab033eb2a1"] []
[2021-04-23T17:17:54.621913+02:00] User Login.ERROR: User Login Failed ["Email Address","gregory@secondsite.xyz Email address / password are incorrect."] []
[2021-04-23T17:18:02.052863+02:00] User Login.INFO: User Login Success ["Email Address","gregory@secondsite.xyz a291f0ef1db2e01f9b75f8b8e659ff0aadfd60c2"] []
[2021-04-23T17:18:18.532451+02:00] User Login.INFO: User Logout ["User Logout Successful","a291f0ef1db2e01f9b75f8b8e659ff0aadfd60c2"] []
[2021-04-23T17:18:53.645576+02:00] User Login.INFO: User Login Success ["Email Address","gregory@secondsite.xyz b3edf98c1174e008e47e44b38a4d9c4189470a9f"] []
[2021-04-23T17:18:59.965188+02:00] User Login.INFO: User Logout ["User Logout Successful","b3edf98c1174e008e47e44b38a4d9c4189470a9f"] []
[2021-04-23T17:19:21.885633+02:00] User Login.INFO: User Login Success ["Email Address","gregory@realhost.co.za c4d4e2fde53c8d978174eaac909198023eaa5584"] []
[2021-04-26T02:03:44.864609+02:00] User Login.INFO: User Logout ["User Logout Successful","c4d4e2fde53c8d978174eaac909198023eaa5584"] []
[2021-04-26T02:03:49.654090+02:00] User Login.ERROR: User Login Failed ["Email Address","info@secondsite.xyz Email address / password are incorrect."] []
[2021-04-26T02:04:16.979726+02:00] User Login.INFO: User Login Success ["Email Address","info@secondsite.xyz 2f2c31a1ec61fcabfe88362c7db9ebfa695d6d45"] []
[2021-04-26T02:23:00.422994+02:00] User Login.INFO: User Logout ["User Logout Successful","2f2c31a1ec61fcabfe88362c7db9ebfa695d6d45"] []
[2021-04-26T02:23:05.040271+02:00] User Login.INFO: User Login Success ["Email Address","gregory@realhost.co.za a2110352bce8b58471c56e5ad379041290be927f"] []
[2021-04-26T02:57:55.131646+02:00] User Login.INFO: User Logout ["User Logout Successful","a2110352bce8b58471c56e5ad379041290be927f"] []
[2021-04-26T02:58:01.005688+02:00] User Login.ERROR: User Login Failed ["Email Address","info@secondsite.xyz Email address / password are incorrect."] []
[2021-04-26T02:59:26.729908+02:00] User Login.INFO: User Login Success ["Email Address","info@secondsite.xyz 08c2e95fd36da4c879ce6478a072cecb3597d513"] []
[2021-04-26T03:19:03.946134+02:00] User Login.INFO: User Logout ["User Logout Successful","08c2e95fd36da4c879ce6478a072cecb3597d513"] []
[2021-04-26T03:19:23.660460+02:00] User Login.ERROR: User Login Failed ["Email Address","gregory@realhost.co.za Email address / password are incorrect."] []
[2021-04-26T03:19:29.196291+02:00] User Login.INFO: User Login Success ["Email Address","gregory@realhost.co.za cdb3c1c9e05608bb19f895166b2201dc2def0c9c"] []
[2021-04-27T11:30:17.368742+02:00] User Login.INFO: User Login Success ["Email Address","gregory@realhost.co.za 530d48994a9911c30e4e6f8485592cea017525a1"] []
[2021-04-27T11:30:32.364304+02:00] User Login.INFO: User Logout ["User Logout Successful","530d48994a9911c30e4e6f8485592cea017525a1"] []
[2021-04-27T11:36:01.781584+02:00] User Login.INFO: User Login Success ["Email Address","gregory@realhost.co.za fa90d40669e054a39edee8a21d878e5cd41d40c9"] []
[2021-04-27T20:16:44.542392+02:00] User Login.INFO: User Login Success ["Email Address","gregory@realhost.co.za 3b9523cf975b9108164e48f97cc82cd1b0c7baa5"] []
[2021-04-27T22:27:03.875321+02:00] User Login.INFO: User Login Success ["Email Address","gregory@realhost.co.za 18520009a988de6262b04817148f35f0a018f9d2"] []
[2021-04-28T10:35:43.426175+02:00] User Login.INFO: User Logout ["User Logout Successful","18520009a988de6262b04817148f35f0a018f9d2"] []
[2021-04-28T10:36:45.269565+02:00] User Login.INFO: User Login Success ["Email Address","gregory@realhost.co.za 6c8feaede6dfd18869b2486ef95ce73a6cef6c47"] []
[2021-04-28T10:46:11.427875+02:00] User Login.INFO: User Logout ["User Logout Successful","6c8feaede6dfd18869b2486ef95ce73a6cef6c47"] []
[2021-04-28T10:46:40.867665+02:00] User Login.INFO: User Login Success ["Email Address","gregory@secondsite.xyz e4510a80032d65b00f75b4771b45538bcd168755"] []
