[2021-04-21T23:37:23.954621+02:00] User Registration.INFO: Account created. ["Email","gregory@secondsite.xyz | User: New User"] []
[2021-04-21T23:38:21.030869+02:00] User Registration.INFO: The email address is already in use. ["Email","gregory@secondsite.xyz | User: New User"] []
[2021-04-21T23:39:35.134912+02:00] User Registration.INFO: The email address is already in use. ["Email","gregory@secondsite.xyz | User: New User"] []
[2021-04-21T23:39:57.227485+02:00] User Registration.INFO: Email address is too short. ["Email"," | User:  "] []
[2021-04-21T23:41:54.395305+02:00] User Registration.INFO: Account created. ["Email","gregoryschoeman@gmail.com | User: Gregory Schoeman"] []
[2021-04-21T23:42:35.408303+02:00] User Registration.INFO: Email address is too short. ["Email"," | User:  "] []
[2021-04-21T23:43:11.603987+02:00] User Registration.INFO: Email address is too short. ["Email"," | User:  "] []
[2021-04-21T23:45:33.416029+02:00] User Registration.INFO: Email address is too short. ["Email"," | User:  "] []
[2021-04-21T23:46:52.901087+02:00] User Registration.INFO: Account created. ["Email","greg@omniaparatus.org | User: New User"] []
[2021-04-21T23:47:07.529905+02:00] User Registration.INFO: The email address is already in use. ["Email","greg@omniaparatus.org | User: New User"] []
[2021-04-21T23:48:00.793954+02:00] User Registration.INFO: The email address is already in use. ["Email","greg@omniaparatus.org | User: New User"] []
[2021-04-21T23:56:10.500869+02:00] User Registration.INFO: The email address is already in use. ["Email","gregory@realhost.co.za | User: New User"] []
[2021-04-21T23:58:56.405373+02:00] User Registration.INFO: The email address is already in use. ["Email","gregory@realhost.co.za | User: New User"] []
[2021-04-22T00:00:17.159510+02:00] User Registration.ERROR: This email address is already taken ["Email","gregory@realhost.co.za | User: Gregory User"] []
[2021-04-22T00:00:35.929537+02:00] User Registration.INFO: Email address is too short. ["Email"," | User:  "] []
[2021-04-22T00:02:30.046106+02:00] User Registration.ERROR: This email address is already taken ["Email","gregory@realhost.co.za | User: New User"] []
[2021-04-22T00:02:47.304207+02:00] User Registration.ERROR: This email address is already taken ["Email","greg@omniaparatus.org | User: Gregory Schoeman"] []
[2021-04-22T00:02:53.458286+02:00] User Registration.INFO: Email address is too short. ["Email"," | User:  "] []
[2021-04-22T00:03:53.455710+02:00] User Registration.INFO: Email address is too short. ["Email"," | User:  "] []
[2021-04-22T00:07:08.754825+02:00] User Registration.ERROR: This email address is already taken ["Email","gregory@realhost.co.za | User:  "] []
[2021-04-22T13:45:07.901530+02:00] User Registration.INFO: Ok. ["Email"," | User:  "] []
[2021-04-22T13:46:50.693771+02:00] User Registration.INFO: Ok. ["Email"," | User:  "] []
[2021-04-22T13:49:47.892892+02:00] User Registration.INFO: Ok. ["Email"," | User:  "] []
[2021-04-22T13:51:24.428143+02:00] User Registration.INFO: Ok. ["Email","gregory@realhost.co.za | User: Greg Schoeman"] []
[2021-04-22T13:51:37.522393+02:00] User Registration.INFO: Ok. ["Email","gregory@realhost.co.za | User: Greg Schoeman"] []
[2021-04-22T13:53:08.067691+02:00] User Registration.INFO: Ok. ["Email","gregory@realhost.co.za | User: Greg Schoeman"] []
[2021-04-23T08:32:15.541139+02:00] User Registration.ERROR: Aw, something went wrong :-( please refresh the page to submit again ["Email","info@secondsite.xyz | User: info Secondsite"] []
[2021-04-23T08:33:02.920397+02:00] User Registration.ERROR: Aw, something went wrong :-( please refresh the page to submit again ["Email","info@secondsite.xyz | User: info Secondsite"] []
[2021-04-23T08:35:07.792973+02:00] User Registration.ERROR: SQLSTATE[42S22]: Column not found: 1054 Unknown column 'user_role' in 'field list' ["Email","info@secondsite.xyz | User: info Secondsite"] []
[2021-04-23T08:35:38.507458+02:00] User Registration.INFO: Ok. ["Email","info@secondsite.xyz | User: info Secondsite"] []
[2021-04-23T08:35:47.247368+02:00] User Registration.INFO: Ok. ["Email","info@secondsite.xyz | User: info Secondsite"] []
[2021-04-23T08:38:07.186382+02:00] User Registration.ERROR: Ok. ["Email","info@secondsite.xyz | User: info Secondsite"] []
[2021-04-23T08:38:31.313997+02:00] User Registration.ERROR: Ok. ["Email","info@secondsite.xyz | User: info Secondsite"] []
[2021-04-23T08:47:22.023555+02:00] User Registration.ERROR: Ok. ["Email","info@secondsite.xyz | User: info Secondsite"] []
[2021-04-23T08:48:06.122141+02:00] User Registration.ERROR: Ok. ["Email","info@secondsite.xyz | User: New Secondsite"] []
[2021-04-23T08:48:57.516628+02:00] User Registration.ERROR: Ok. ["Email","info@secondsite.xyz | User: info Secondsite"] []
[2021-04-23T08:50:43.411979+02:00] User Registration.ERROR: Ok. ["Email","info@secondsite.xyz | User: info Secondsite"] []
[2021-04-23T08:51:42.097928+02:00] User Registration.ERROR: Ok. ["Email","info@secondsite.xyz | User: info Secondsite"] []
[2021-04-23T08:54:25.944950+02:00] User Registration.ERROR: Ok. ["Email","info@secondsite.xyz | User: info Secondsite"] []
[2021-04-23T09:32:06.426979+02:00] User Registration.ERROR: This email address is already in use ["Email","info@secondsite.xyz | User: info Secondsite"] []
[2021-04-23T09:32:41.430989+02:00] User Registration.ERROR: This email address is already in use ["Email","info@secondsite.xyz | User: info Secondsite"] []
[2021-04-23T09:33:22.254709+02:00] User Registration.ERROR: This email address is already in use ["Email","info@secondsite.xyz | User: info Secondsite"] []
[2021-04-23T09:37:23.213249+02:00] User Registration.INFO: Ok. ["Email","info@secondsite.xyz | User: info Secondsite"] []
[2021-04-23T09:52:23.751694+02:00] User Registration.INFO: Ok. ["Email","info@secondsite.xyz | User: info Secondsite"] []
[2021-04-23T09:52:33.351518+02:00] User Registration.INFO: Ok. ["Email","info@secondsite.xyz | User: info Secondsite"] []
[2021-04-23T11:01:19.798778+02:00] User Registration.INFO: Ok. ["Email","gregory@realhost.co.za | User: Greg Schoeman"] []
[2021-04-23T11:01:42.607830+02:00] User Registration.INFO: Ok. ["Email","gregory@realhost.co.za | User: Greg Schoeman"] []
[2021-04-23T11:01:56.079975+02:00] User Registration.INFO: Ok. ["Email","gregory@realhost.co.za | User: Greg Schoeman"] []
[2021-04-23T11:02:57.002773+02:00] User Registration.INFO: Ok. ["Email","gregory@realhost.co.za | User: Greg Schoeman"] []
[2021-04-23T11:05:43.815273+02:00] User Registration.INFO: Ok. ["Email","gregoryschoeman@gmail.com | User: Gregory Schoeman"] []
[2021-04-23T11:06:01.042491+02:00] User Registration.INFO: Ok. ["Email","gregoryschoeman@gmail.com | User: Gregory Schoeman"] []
[2021-04-23T11:09:26.699641+02:00] User Registration.INFO: Ok. ["Email","info@secondsite.xyz | User: info Secondsite"] []
[2021-04-23T11:18:51.101198+02:00] User Registration.INFO: Ok. ["Email","gregoryschoeman@gmail.com | User: Gregory Schoeman"] []
[2021-04-23T11:28:36.148127+02:00] User Registration.INFO: Ok. ["Email","gregory@secondsite.xyz | User: New User"] []
[2021-04-23T11:28:46.459761+02:00] User Registration.INFO: Ok. ["Email","gregoryschoeman@gmail.com | User: Gregory Schoeman"] []
[2021-04-23T11:36:55.779709+02:00] User Registration.INFO: Ok. ["Email","gregoryschoeman@gmail.com | User: Gregory Schoeman"] []
[2021-04-23T11:45:39.996469+02:00] User Registration.INFO: Ok. ["Email","gregoryschoeman@gmail.com | User: Gregory Schoeman"] []
[2021-04-23T11:53:43.006669+02:00] User Registration.INFO: Ok. ["Email","gregoryschoeman@gmail.com | User: Gregory Schoeman"] []
[2021-04-23T11:56:33.897626+02:00] User Registration.INFO: Ok. ["Email","gregory@secondsite.xyz | User: New User"] []
[2021-04-23T11:56:44.960559+02:00] User Registration.INFO: Ok. ["Email","info@secondsite.xyz | User: info Secondsite"] []
[2021-04-23T13:09:07.404022+02:00] User Registration.INFO: Ok. ["Email","info@secondsite.xyz | User: info Secondsite"] []
[2021-04-23T13:44:02.515216+02:00] User Registration.INFO: Ok. ["Email","gregory@realhost.co.za | User: Greg Schoeman"] []
[2021-04-23T13:44:47.621217+02:00] User Registration.INFO: Ok. ["Email","melons@gmail.com | User: Greg Schoeman"] []
[2021-04-23T13:54:34.860578+02:00] User Registration.INFO: Ok. ["Email","melons@gmail.com | User: Greg Schoeman"] []
[2021-04-23T13:54:55.506700+02:00] User Registration.INFO: Ok. ["Email","gregory@realhost.co.za | User: Greg Schoeman"] []
[2021-04-23T13:55:04.076918+02:00] User Registration.INFO: Ok. ["Email","gregory@secondsite.xyz | User: New User"] []
[2021-04-23T14:24:45.848801+02:00] User Registration.INFO: Account created. ["Email","info@secondsite.xyz | User: Daniel Schoeman"] []
[2021-04-23T14:28:15.522165+02:00] User Registration.INFO: Account created. ["Email","info@secondsite.xyz | User: Daniel Schoeman"] []
[2021-04-23T14:49:47.993250+02:00] User Registration.INFO: Account created. ["Email","gregory@secondsite.xyz | User: Gregory Schoeman"] []
[2021-04-23T15:28:51.972183+02:00] User Registration.INFO: Ok. ["Email","gregory@secondsite.xyz | User: Gregory Schoeman"] []
[2021-04-23T15:29:13.534469+02:00] User Registration.INFO: Ok. ["Email","gregory@realhost.co.za | User: Greg Schoeman"] []
[2021-04-23T16:48:55.755806+02:00] User Registration.INFO: The email address is already in use. ["Email","gregory@realhost.co.za | User: gregory schoeman"] []
[2021-04-23T16:53:35.416890+02:00] User Registration.INFO: Account created. Activation email sent to email. ["Email","gregory@secondsite.xyz | User: gregory schoeman"] []
[2021-04-23T16:55:06.636985+02:00] Account Activation.INFO: Successful ["Message","Account activated."] []
[2021-04-23T17:17:22.224050+02:00] User Registration.INFO: Account created. Activation email sent to email. ["Email","gregory@secondsite.xyz | User: gregory schoeman"] []
[2021-04-23T17:17:41.321805+02:00] Account Activation.INFO: Successful ["Message","Account activated."] []
[2021-04-23T17:21:36.357548+02:00] User Registration.INFO: Ok. ["Email","gregory@realhost.co.za | User: Greg Schoeman"] []
[2021-04-23T17:21:51.702641+02:00] User Registration.INFO: Ok. ["Email","gregory@realhost.co.za | User: Greg Schoeman"] []
[2021-04-23T17:24:51.939950+02:00] User Registration.INFO: Ok. ["Email","gregoryschoeman@gmail.com | User: Gregory Schoeman"] []
[2021-04-23T17:25:05.926024+02:00] User Registration.INFO: Ok. ["Email","info@secondsite.xyz | User: info Secondsite"] []
[2021-04-23T20:49:32.999747+02:00] User Registration.INFO: Ok. ["Email","gregory@secondsite.xyz | User: gregory schoeman"] []
[2021-04-27T20:16:51.958092+02:00] User Registration.INFO: Ok. ["Email","gregory@realhost.co.za | User: Greg Schoeman"] []
[2021-04-27T20:17:52.603104+02:00] User Registration.INFO: Account created. ["Email","info@realhost.co.za | User: New User"] []
[2021-04-27T20:18:05.129578+02:00] User Registration.ERROR: This email address is already taken ["Email","info@realhost.co.za | User: New User"] []
[2021-04-27T20:20:33.564521+02:00] User Registration.INFO: Account created. ["Email","greg@madeup.com | User: Gregory Schoeman"] []
[2021-04-27T20:25:49.243745+02:00] User Registration.ERROR: This email address is already taken ["Email","gregory@realhost.co.za | User: Greg Schoeman"] []
[2021-04-27T20:26:30.069215+02:00] User Registration.INFO: Account created. ["Email","greg@madeup.com | User: greg Schoeman"] []
[2021-04-27T20:27:15.181810+02:00] User Registration.INFO: Account created. ["Email","gregory@newdomain.com | User: new person"] []
[2021-04-27T20:34:28.795637+02:00] User Registration.INFO: Account created. ["Email","gregory@newdomain.com | User: new person"] []
[2021-04-27T20:34:37.010177+02:00] User Registration.ERROR: This email address is already taken ["Email","gregory@newdomain.com | User: new person"] []
[2021-04-27T20:36:35.139593+02:00] User Registration.INFO: Account created. ["Email","gregory@newdomain.com | User: new test"] []
[2021-04-27T20:37:05.302051+02:00] User Registration.INFO: Account created. ["Email","test@witches.com | User: Gregory Schoeman"] []
[2021-04-27T23:46:58.979177+02:00] User Registration.INFO: Ok. ["Email","test@witches.com | User: Gregory Schoeman"] []
[2021-04-28T10:39:10.799506+02:00] User Registration.INFO: Ok. ["Email","greg@omniaparatus.org | User: New User"] []
