[2021-04-24T14:19:17.491805+02:00] Open Ticket Form.INFO: Successful {"user_id":"1","dest_group":"2","subject":"subject","message":"this is a detailed message","priority":"low","status":"open","nonce":"16ab3758f93fe55dc4bd37"} []
[2021-04-25T16:24:14.720063+02:00] Open Ticket Form.ERROR: Failed [{"nonce":"ae3a58f4fc87b51aa032c8","submit":""},"Aw, something went wrong :-( please refresh the page to submit again"] []
[2021-04-25T18:23:32.990839+02:00] Open Ticket Form.ERROR: Failed [[],"missing nonce"] []
[2021-04-25T18:24:32.762931+02:00] Open Ticket Form.ERROR: Failed [[],"missing nonce"] []
[2021-04-25T18:25:31.319191+02:00] Open Ticket Form.ERROR: Failed [[],"missing nonce"] []
[2021-04-25T18:27:31.039653+02:00] Open Ticket Form.ERROR: Failed [[],"missing nonce"] []
[2021-04-25T18:31:25.203453+02:00] Modify Ticket Form.ERROR: Failed [[],"missing nonce"] []
[2021-04-25T18:41:35.359085+02:00] Modify Ticket Form.ERROR: Failed [{"priority":"low","dest_group":"2","status":"open","nonce":"e9a4408151676b568fbb58"},"SQLSTATE[42000]: Syntax error or access violation: 1064 You have an error in your SQL syntax; check the manual that corresponds to your MariaDB server version for the right syntax to use near 'priority='low' status='open' WHERE ticket_id=NULL' at line 1"] []
[2021-04-25T18:44:10.079426+02:00] Modify Ticket Form.ERROR: Failed [{"priority":"low","dest_group":"2","status":"open","nonce":"e9a4408151676b568fbb58"},"SQLSTATE[42000]: Syntax error or access violation: 1064 You have an error in your SQL syntax; check the manual that corresponds to your MariaDB server version for the right syntax to use near 'priority='low' status='open' WHERE ticket_id=NULL' at line 1"] []
[2021-04-25T18:52:51.035967+02:00] Modify Ticket Form.ERROR: Failed [{"ticket_id":"3","user_id":"1","priority":"low","dest_group":"2","status":"open","nonce":"e9a4408151676b568fbb58"},"SQLSTATE[42000]: Syntax error or access violation: 1064 You have an error in your SQL syntax; check the manual that corresponds to your MariaDB server version for the right syntax to use near 'priority='low' status='open' WHERE ticket_id='3'' at line 1"] []
[2021-04-25T18:57:40.602558+02:00] Modify Ticket Form.ERROR: Failed [{"ticket_id":"3","user_id":"1","priority":"low","dest_group":"2","status":"open","nonce":"e9a4408151676b568fbb58"},"SQLSTATE[42000]: Syntax error or access violation: 1064 You have an error in your SQL syntax; check the manual that corresponds to your MariaDB server version for the right syntax to use near 'priority='low' status='open' WHERE ticket_id='3'' at line 1"] []
[2021-04-25T19:00:31.200801+02:00] Modify Ticket Form.ERROR: Failed [{"ticket_id":"2","user_id":"1","priority":"low","dest_group":"2","status":"open","nonce":"e9a4408151676b568fbb58"},"SQLSTATE[42000]: Syntax error or access violation: 1064 You have an error in your SQL syntax; check the manual that corresponds to your MariaDB server version for the right syntax to use near 'priority='low' status='open' WHERE ticket_id='2'' at line 1"] []
[2021-04-25T19:32:11.011484+02:00] Modify Ticket Form.ERROR: Failed [{"ticket_id":"3","user_id":"1","priority":"low","dest_group":"2","status":"open","nonce":"e9a4408151676b568fbb58"},"SQLSTATE[HY093]: Invalid parameter number: number of bound variables does not match number of tokens"] []
[2021-04-25T19:33:00.316322+02:00] Modify Ticket Form.ERROR: Failed [{"ticket_id":"3","user_id":"1","priority":"low","dest_group":"2","status":"open","nonce":"e9a4408151676b568fbb58"},"SQLSTATE[42000]: Syntax error or access violation: 1064 You have an error in your SQL syntax; check the manual that corresponds to your MariaDB server version for the right syntax to use near 'priority='low' status='open' WHERE ticket_id='3'' at line 1"] []
[2021-04-25T19:51:48.905541+02:00] Modify Ticket Form.ERROR: Failed [{"ticket_id":"3","user_id":"1","priority":"low","dest_group":"2","status":"open","nonce":"e9a4408151676b568fbb58"},"SQLSTATE[42000]: Syntax error or access violation: 1064 You have an error in your SQL syntax; check the manual that corresponds to your MariaDB server version for the right syntax to use near 'priority='low' status='open' WHERE ticket_id='3'' at line 1"] []
[2021-04-25T19:51:57.529975+02:00] Modify Ticket Form.ERROR: Failed [{"ticket_id":"3","user_id":"1","priority":"low","dest_group":"2","status":"open","nonce":"e9a4408151676b568fbb58"},"SQLSTATE[42000]: Syntax error or access violation: 1064 You have an error in your SQL syntax; check the manual that corresponds to your MariaDB server version for the right syntax to use near 'priority='low' status='open' WHERE ticket_id='3'' at line 1"] []
[2021-04-25T19:53:25.628478+02:00] Modify Ticket Form.ERROR: Failed [{"ticket_id":"3","user_id":"1","priority":"low","dest_group":"2","status":"open","nonce":"e9a4408151676b568fbb58"},"SQLSTATE[42000]: Syntax error or access violation: 1064 You have an error in your SQL syntax; check the manual that corresponds to your MariaDB server version for the right syntax to use near 'priority='low' status='open' WHERE `ticket_id='3'`' at line 1"] []
[2021-04-25T19:55:05.159133+02:00] Modify Ticket Form.ERROR: Failed [{"ticket_id":"3","user_id":"1","priority":"low","dest_group":"2","status":"open","nonce":"e9a4408151676b568fbb58"},"SQLSTATE[42000]: Syntax error or access violation: 1064 You have an error in your SQL syntax; check the manual that corresponds to your MariaDB server version for the right syntax to use near 'priority='low' status='open' WHERE ticket_id='3'' at line 1"] []
[2021-04-25T20:19:09.495462+02:00] Open Ticket Form.INFO: Successful {"status":"closed","nonce":"9a486124bf1b241b6c49be"} []
[2021-04-25T20:19:16.750936+02:00] Open Ticket Form.INFO: Successful {"status":"closed","nonce":"9a486124bf1b241b6c49be"} []
[2021-04-25T20:20:35.284690+02:00] Open Ticket Form.INFO: Successful {"ticket_id":"3","status":"closed","nonce":"9a486124bf1b241b6c49be"} []
[2021-04-25T20:24:38.434558+02:00] Open Ticket Form.ERROR: Failed [{"user_id":"1","ticket_id":"","message":"this is a new reply to your post","nonce":"7171a513cce38fbffe7b15"},"Error Saving Ticket to the database"] []
[2021-04-25T20:27:25.190299+02:00] Open Ticket Form.ERROR: Failed [{"user_id":"1","ticket_id":"","message":"this is a new reply to your post","nonce":"7171a513cce38fbffe7b15"},"Error Saving Ticket to the database"] []
[2021-04-25T20:29:13.883913+02:00] Open Ticket Form.ERROR: Failed [{"user_id":"1","ticket_id":"3","message":"this is a new reply","nonce":"7171a513cce38fbffe7b15"},"Error Saving Ticket to the database"] []
[2021-04-25T20:29:57.201233+02:00] Open Ticket Form.ERROR: Failed [{"user_id":"1","ticket_id":"3","message":"this is a new reply","nonce":"7171a513cce38fbffe7b15"},"Error Saving Ticket to the database"] []
[2021-04-25T21:00:24.562012+02:00] Open Ticket Form.ERROR: Failed [{"user_id":"1","ticket_id":"3","message":"this is a new reply","nonce":"7171a513cce38fbffe7b15"},"Error Saving Ticket to the database"] []
[2021-04-25T21:03:23.136224+02:00] Open Ticket Form.INFO: Successful {"user_id":"1","ticket_id":"3","message":"this is a new reply","nonce":"7171a513cce38fbffe7b15"} []
[2021-04-25T21:04:05.482653+02:00] Open Ticket Form.INFO: Successful {"user_id":"1","ticket_id":"3","message":"this is a new reply","nonce":"7171a513cce38fbffe7b15"} []
[2021-04-25T21:09:15.032137+02:00] Open Ticket Form.INFO: Successful {"user_id":"1","ticket_id":"3","message":"this is a new reply","nonce":"7171a513cce38fbffe7b15"} []
[2021-04-25T21:15:50.082830+02:00] Open Ticket Form.INFO: Successful {"ticket_id":"3","user_id":"1","message":"this is a new reply","nonce":"7171a513cce38fbffe7b15"} []
[2021-04-25T21:20:08.417652+02:00] Open Ticket Form.INFO: Successful {"ticket_id":"3","user_id":"1","message":"this is a new comment","nonce":"7171a513cce38fbffe7b15"} []
[2021-04-25T21:21:00.763550+02:00] Open Ticket Form.INFO: Successful {"ticket_id":"2","user_id":"1","message":"this is another test reply","nonce":"7171a513cce38fbffe7b15"} []
[2021-04-25T21:22:02.808150+02:00] Open Ticket Form.INFO: Successful {"ticket_id":"3","user_id":"1","message":"this ia another test reply","nonce":"7171a513cce38fbffe7b15"} []
[2021-04-25T21:22:28.672946+02:00] Open Ticket Form.INFO: Successful {"ticket_id":"1","user_id":"1","message":"we need to test this very well","nonce":"7171a513cce38fbffe7b15"} []
[2021-04-25T21:30:24.930025+02:00] Open Ticket Form.INFO: Successful {"ticket_id":"2","status":"closed","nonce":"9a486124bf1b241b6c49be"} []
[2021-04-25T22:39:24.652501+02:00] Open Ticket Form.ERROR: Failed [{"user_id":"1","dest_group":"2","subject":"new test ticket","message":"this is the full description of a new test email","priority":"low","status":"open","nonce":"75b49686df34a35ee5e4e1"},"SQLSTATE[42S22]: Column not found: 1054 Unknown column 'group_id' in 'where clause'"] []
[2021-04-25T22:54:53.322322+02:00] Open Ticket Form.INFO: Successful {"user_id":"1","dest_group":"2","subject":"newest test","message":"hdfhdgdfg","priority":"low","status":"open","nonce":"75b49686df34a35ee5e4e1"} []
[2021-04-25T22:56:43.941149+02:00] Open Ticket Form.INFO: Successful {"user_id":"1","dest_group":"2","subject":"newest test","message":"hdfhdgdfg","priority":"low","status":"open","nonce":"75b49686df34a35ee5e4e1"} []
[2021-04-25T22:58:11.749627+02:00] Open Ticket Form.INFO: Successful {"user_id":"1","dest_group":"2","subject":"newest test","message":"hdfhdgdfg","priority":"low","status":"open","nonce":"75b49686df34a35ee5e4e1"} []
[2021-04-25T22:59:56.291280+02:00] Open Ticket Form.INFO: Successful {"user_id":"1","dest_group":"2","subject":"newest test","message":"hdfhdgdfg","priority":"low","status":"open","nonce":"75b49686df34a35ee5e4e1"} []
[2021-04-25T23:00:30.275440+02:00] Open Ticket Form.INFO: Successful {"user_id":"1","dest_group":"2","subject":"newest test","message":"hdfhdgdfg","priority":"low","status":"open","nonce":"75b49686df34a35ee5e4e1"} []
[2021-04-25T23:00:59.705504+02:00] Open Ticket Form.INFO: Successful {"user_id":"1","dest_group":"2","subject":"newest test","message":"hdfhdgdfg","priority":"low","status":"open","nonce":"75b49686df34a35ee5e4e1"} []
[2021-04-25T23:03:25.596777+02:00] Open Ticket Form.INFO: Successful {"user_id":"1","dest_group":"2","subject":"newest test","message":"hdfhdgdfg","priority":"low","status":"open","nonce":"75b49686df34a35ee5e4e1"} []
[2021-04-25T23:04:41.860795+02:00] Open Ticket Form.INFO: Successful {"user_id":"1","dest_group":"2","subject":"newest test","message":"hdfhdgdfg","priority":"low","status":"open","nonce":"75b49686df34a35ee5e4e1"} []
[2021-04-25T23:09:15.279551+02:00] Open Ticket Form.INFO: Successful {"user_id":"1","dest_group":"2","subject":"ticket subject","message":"dfg is a newtetst ticket","priority":"low","status":"open","nonce":"75b49686df34a35ee5e4e1"} []
[2021-04-25T23:59:55.451043+02:00] Open Ticket Form.INFO: Successful {"user_id":"1","dest_group":"2","subject":"very newest ticket","message":"this is a new ticket","priority":"low","status":"open","nonce":"75b49686df34a35ee5e4e1"} []
[2021-04-26T00:28:02.302953+02:00] Open Ticket Form.INFO: Successful {"user_id":"1","dest_group":"2","subject":"a brand new ticket has been opened","message":"a new ticket has been opened","priority":"low","status":"pending","nonce":"75b49686df34a35ee5e4e1"} []
[2021-04-26T00:40:50.296311+02:00] Open Ticket Form.INFO: Successful {"ticket_id":"21","user_id":"1","message":"this is a test reply","nonce":"82b42eeeb1c4e535e453ea"} []
[2021-04-26T00:42:44.288649+02:00] Open Ticket Form.INFO: Successful {"ticket_id":"21","user_id":"1","message":"this is a test reply","nonce":"82b42eeeb1c4e535e453ea"} []
[2021-04-26T00:43:52.459045+02:00] Open Ticket Form.INFO: Successful {"ticket_id":"21","user_id":"1","message":"this is a test reply","nonce":"82b42eeeb1c4e535e453ea"} []
[2021-04-26T00:46:17.264038+02:00] Open Ticket Form.INFO: Successful {"ticket_id":"21","user_id":"1","message":"this is a test reply","nonce":"82b42eeeb1c4e535e453ea"} []
[2021-04-26T00:50:58.705270+02:00] Open Ticket Form.INFO: Successful {"ticket_id":"21","user_id":"1","message":"this is a test reply","nonce":"82b42eeeb1c4e535e453ea"} []
[2021-04-26T00:52:37.768334+02:00] Open Ticket Form.INFO: Successful {"ticket_id":"21","user_id":"1","message":"this is a test reply","nonce":"82b42eeeb1c4e535e453ea"} []
[2021-04-26T00:53:48.608848+02:00] Open Ticket Form.INFO: Successful {"user_id":"1","dest_group":"2","subject":"brand new one","message":"this is a brand new test ticket","priority":"low","status":"open","nonce":"93dc784ee009543aba2b0e"} []
[2021-04-26T00:54:20.197351+02:00] Open Ticket Form.INFO: Successful {"ticket_id":"22","user_id":"1","message":"You must be kidding","nonce":"82b42eeeb1c4e535e453ea"} []
[2021-04-26T00:55:55.485925+02:00] Open Ticket Form.INFO: Successful {"ticket_id":"22","user_id":"1","message":"This is an awesome new reply","nonce":"82b42eeeb1c4e535e453ea"} []
[2021-04-26T01:03:21.392365+02:00] Open Ticket Form.INFO: Successful {"ticket_id":"21","user_id":"1","message":"test","nonce":"82b42eeeb1c4e535e453ea"} []
[2021-04-26T01:05:27.574932+02:00] Open Ticket Form.INFO: Successful {"ticket_id":"21","user_id":"1","message":"testing","nonce":"82b42eeeb1c4e535e453ea"} []
[2021-04-26T01:06:38.535578+02:00] Open Ticket Form.INFO: Successful {"ticket_id":"21","user_id":"1","message":"aaaah","nonce":"82b42eeeb1c4e535e453ea"} []
[2021-04-26T01:07:54.103076+02:00] Open Ticket Form.INFO: Successful {"ticket_id":"22","user_id":"1","message":"test","nonce":"82b42eeeb1c4e535e453ea"} []
[2021-04-26T01:08:36.426729+02:00] Open Ticket Form.INFO: Successful {"ticket_id":"22","user_id":"1","message":"test","nonce":"82b42eeeb1c4e535e453ea"} []
[2021-04-26T01:16:49.029486+02:00] Open Ticket Form.INFO: Successful {"ticket_id":"22","user_id":"1","message":"tetetete","nonce":"82b42eeeb1c4e535e453ea"} []
[2021-04-26T01:24:17.009305+02:00] Open Ticket Form.INFO: Successful {"ticket_id":"22","user_id":"1","message":"test","nonce":"82b42eeeb1c4e535e453ea"} []
[2021-04-26T01:29:54.104062+02:00] Open Ticket Form.INFO: Successful {"ticket_id":"22","user_id":"1","message":"fgddf","nonce":"82b42eeeb1c4e535e453ea"} []
[2021-04-26T01:30:57.914873+02:00] Open Ticket Form.INFO: Successful {"ticket_id":"22","user_id":"1","message":"test","nonce":"82b42eeeb1c4e535e453ea"} []
[2021-04-26T01:32:44.352049+02:00] Open Ticket Form.INFO: Successful {"ticket_id":"21","user_id":"1","message":"test","nonce":"82b42eeeb1c4e535e453ea"} []
[2021-04-26T01:33:48.562047+02:00] Open Ticket Form.INFO: Successful {"ticket_id":"22","user_id":"1","message":"reply","nonce":"82b42eeeb1c4e535e453ea"} []
[2021-04-26T01:36:46.692574+02:00] Open Ticket Form.INFO: Successful {"ticket_id":"20","user_id":"1","message":"sames","nonce":"82b42eeeb1c4e535e453ea"} []
[2021-04-26T01:38:05.542965+02:00] Open Ticket Form.INFO: Successful {"ticket_id":"19","user_id":"1","message":"test","nonce":"82b42eeeb1c4e535e453ea"} []
[2021-04-26T01:50:38.994713+02:00] Open Ticket Form.INFO: Successful {"ticket_id":"22","status":"closed","nonce":"c291477a2086b9bdd1dbd9"} []
[2021-04-26T02:11:48.246834+02:00] Open Ticket Form.INFO: Successful {"ticket_id":"22","user_id":"8","message":"info @ secondsite replies","nonce":"82b42eeeb1c4e535e453ea"} []
[2021-04-26T02:13:52.783653+02:00] Open Ticket Form.INFO: Successful {"user_id":"8","dest_group":"14","subject":"can we get an it group please","message":"please can we open a new group to filter it calls to","priority":"high","status":"open","nonce":"93dc784ee009543aba2b0e"} []
[2021-04-26T02:22:05.560954+02:00] Open Ticket Form.INFO: Successful {"ticket_id":"23","status":"closed","nonce":"c291477a2086b9bdd1dbd9"} []
[2021-04-26T02:33:14.357095+02:00] Open Ticket Form.INFO: Successful {"ticket_id":"21","status":"closed","nonce":"c291477a2086b9bdd1dbd9"} []
[2021-04-26T02:47:49.687255+02:00] Open Ticket Form.INFO: Successful {"ticket_id":"8","user_id":"1","message":"what?","nonce":"dfc0601abc1bede9501dee"} []
[2021-04-26T02:50:14.883979+02:00] Open Ticket Form.INFO: Successful {"user_id":"1","dest_group":"2","subject":"much further testing","message":"i am testing the system even further","priority":"low","status":"open","nonce":"47c5b16d8c60ed925c5b9b"} []
[2021-04-26T03:01:51.822594+02:00] Open Ticket Form.INFO: Successful {"user_id":"8","dest_group":"2","subject":"please assist with a new issue","message":"i can&#39;t make an old ticket come back to life after it&#39;s done","priority":"low","status":"open","nonce":"47c5b16d8c60ed925c5b9b"} []
[2021-04-26T10:20:36.521725+02:00] Open Ticket Form.INFO: Successful {"ticket_id":"25","status":"closed","nonce":"c56b76232056a3ab6c5c81"} []
[2021-04-27T23:13:30.040940+02:00] Open Ticket Form.INFO: Successful {"user_id":"1","dest_group":"2","subject":"new ticket","message":"this is a brand new ticket","priority":"low","status":"open","nonce":"2ef660618e669deca40ac1"} []
[2021-04-27T23:13:59.493922+02:00] Open Ticket Form.INFO: Successful {"ticket_id":"1","user_id":"1","message":"This is a new reply","nonce":"c996a612ce40acbbb94128"} []
[2021-04-28T10:40:16.730339+02:00] Open Ticket Form.INFO: Successful {"user_id":"1","dest_group":"2","subject":"please assist with a new issue","message":"plesase laksghasdkjf","priority":"low","status":"open","nonce":"b29388a8e9472f4f12ba17"} []
[2021-04-28T10:40:53.978637+02:00] Open Ticket Form.INFO: Successful {"user_id":"1","dest_group":"14","subject":"help","message":"this is the message","priority":"low","status":"open","nonce":"b29388a8e9472f4f12ba17"} []
[2021-04-28T10:43:07.652517+02:00] Open Ticket Form.INFO: Successful {"ticket_id":"14","user_id":"1","message":"reply stuff","nonce":"a378e3416c22df525d4775"} []
[2021-04-28T10:43:55.613070+02:00] Open Ticket Form.INFO: Successful {"ticket_id":"15","status":"closed","nonce":"d6a1a233d8de0c7204844c"} []
